<?xml version="1.0" encoding="UTF-8" standalone="yes"?>
<Customer>
	<id>123</id>
	<name>John</name>
</Customer>